<?xml version="1.0" encoding="UTF-8"?>
<!-- Generated by org.testng.reporters.JUnitXMLReporter -->
<testsuite ignored="0" hostname="DESKTOP-RL8SVL3" failures="0" tests="3" name="Default test" time="0.127" errors="0" timestamp="2023-06-30T20:08:28 IST">
  <testcase classname="Utility.Review_Test" name="Verify_HomePage" time="0.013"/>
  <testcase classname="Utility.Review_Test" name="Verify_Login" time="0.003"/>
  <testcase classname="Utility.Review_Test" name="Verify_signin" time="0.01"/>
</testsuite> <!-- Default test -->
