<?xml version="1.0" encoding="UTF-8"?>
<testng-results ignored="0" total="2" passed="2" failed="0" skipped="0">
  <reporter-output>
  </reporter-output>
  <suite started-at="2023-06-30T19:39:36 IST" name="Default suite" finished-at="2023-06-30T19:39:36 IST" duration-ms="301">
    <groups>
    </groups>
    <test started-at="2023-06-30T19:39:36 IST" name="Default test" finished-at="2023-06-30T19:39:36 IST" duration-ms="301">
      <class name="Utility.Test_v">
        <test-method signature="m2()[pri:0, instance:Utility.Test_v@515c6049]" started-at="2023-06-30T19:39:36 IST" name="m2" finished-at="2023-06-30T19:39:36 IST" duration-ms="47" status="PASS">
          <reporter-output>
          </reporter-output>
        </test-method> <!-- m2 -->
        <test-method signature="verifylogin()[pri:0, instance:Utility.Test_v@515c6049]" started-at="2023-06-30T19:39:36 IST" name="verifylogin" finished-at="2023-06-30T19:39:36 IST" duration-ms="72" status="PASS">
          <reporter-output>
          </reporter-output>
        </test-method> <!-- verifylogin -->
      </class> <!-- Utility.Test_v -->
    </test> <!-- Default test -->
  </suite> <!-- Default suite -->
</testng-results>
